
## PREVIOUS ATTEMPT FAILED - NON-NUMERICAL ERROR

Your last attempt failed with a compilation or runtime error:

**Error type**: compilation
**Error message**:
```
 a block")
ValueError: Value argument cannot be block type if pointer argument is not a block

The above exception was the direct cause of the following exception:

Traceback (most recent call last):
  File "/home/qinxiao/workspace/triton_performance_analysis/llm_tritonization_benchmark/my_triton_implementations/s3112/test_s3112_correctness.py", line 63, in test_correctness
    triton_result = s3112_triton(*tr_args)
                    ^^^^^^^^^^^^^^^^^^^^^^
  File "/home/qinxiao/workspace/triton_performance_analysis/llm_tritonization_benchmark/test15/llm_triton/s3112/attempt2.py", line 32, in s3112_triton
    s3112_kernel[grid](
  File "/home/qinxiao/anaconda3/lib/python3.12/site-packages/triton/runtime/jit.py", line 345, in <lambda>
    return lambda *args, **kwargs: self.run(grid=grid, warmup=False, *args, **kwargs)
                                   ^^^^^^^^^^^^^^^^^^^^^^^^^^^^^^^^^^^^^^^^^^^^^^^^^^
  File "/home/qinxiao/anaconda3/lib/python3.12/site-packages/triton/runtime/jit.py", line 662, in run
    kernel = self.compile(
             ^^^^^^^^^^^^^
  File "/home/qinxiao/anaconda3/lib/python3.12/site-packages/triton/compiler/compiler.py", line 276, in compile
    module = src.make_ir(options, codegen_fns, context)
             ^^^^^^^^^^^^^^^^^^^^^^^^^^^^^^^^^^^^^^^^^^
  File "/home/qinxiao/anaconda3/lib/python3.12/site-packages/triton/compiler/compiler.py", line 113, in make_ir
    return ast_to_ttir(self.fn, self, context=context, options=options, codegen_fns=codegen_fns)
           ^^^^^^^^^^^^^^^^^^^^^^^^^^^^^^^^^^^^^^^^^^^^^^^^^^^^^^^^^^^^^^^^^^^^^^^^^^^^^^^^^^^^^
triton.compiler.errors.CompilationError: at 18:8:
        return

    # Initialize running sum
    running_sum = tl.zeros((1,), dtype=tl.float32)

    # Process elements sequentially
    for i in range(n_elements):
        # Load single element
        val = tl.load(a_ptr + i)
        running_sum = running_sum + val
        # Store running sum
        tl.store(b_ptr + i, running_sum)
        ^

```

Please fix the error. Make sure to:
- Follow all Triton compilation rules
- Use correct Triton API functions
- Avoid Python constructs not supported in Triton kernels

## LAST ATTEMPT (DO NOT REPEAT THE SAME MISTAKES):
```python
import torch
import triton
import triton.language as tl

@triton.jit
def s3112_kernel(a_ptr, b_ptr, n_elements, BLOCK_SIZE: tl.constexpr):
    # Get program ID
    pid = tl.program_id(axis=0)
    
    # Only use the first program to do all work sequentially
    if pid != 0:
        return
    
    # Initialize running sum
    running_sum = tl.zeros((1,), dtype=tl.float32)
    
    # Process elements sequentially
    for i in range(n_elements):
        # Load single element
        val = tl.load(a_ptr + i)
        running_sum = running_sum + val
        # Store running sum
        tl.store(b_ptr + i, running_sum)

def s3112_triton(a, b):
    n_elements = a.shape[0]
    BLOCK_SIZE = 256
    
    # Launch single thread since this is inherently serial
    grid = (1,)
    
    s3112_kernel[grid](
        a, b, n_elements,
        BLOCK_SIZE=BLOCK_SIZE
    )
    
    # Return the final sum (last element of b)
    return b[-1].item()
```



## ORIGINAL TASK:
I have an original TSVC (Test Suite for Vectorizing Compilers) C function that I want to implement in Triton for GPU acceleration.

## Original TSVC C Code:
```c

real_t s3112(struct args_t * func_args)
{

//    reductions
//    sum reduction saving running sums

    initialise_arrays(__func__);
    gettimeofday(&func_args->t1, NULL);

    real_t sum;
    for (int nl = 0; nl < iterations; nl++) {
        sum = (real_t)0.0;
        for (int i = 0; i < LEN_1D; i++) {
            sum += a[i];
            b[i] = sum;
        }
        dummy(a, b, c, d, e, aa, bb, cc, sum);
    }

    gettimeofday(&func_args->t2, NULL);
    return sum;
}
```

## Kernel Loop to Implement:
```c
// Local variables:
    real_t sum;

// Kernel loop:
        sum = (real_t)0.0;
        for (int i = 0; i < LEN_1D; i++) {
            sum += a[i];
            b[i] = sum;
        }
```

## Reduction Pattern Analysis

**⚠️ CRITICAL: Exact Return Value Required**

The C function returns: `return sum;`

Your Triton function MUST return **exactly** this value.
Pay close attention - the return may differ from intermediate computations (e.g., `chksum`)!

**Detected: Sum Reduction** (`+=` operator)

Use `tl.sum()` for parallel reduction:
```python
vals = tl.load(a_ptr + offsets, mask=mask, other=0.0)
block_sum = tl.sum(vals, axis=0)
```


## Array Information:
- Arrays `a`, `b`, `c`, `d`, `e` are 1D float arrays of size LEN_1D (typically 32000)
- Arrays `aa`, `bb`, `cc`, `tt` are 2D float arrays of size LEN_2D x LEN_2D (typically 256x256)
- `flat_2d_array` is a 1D float array of size LEN_2D*LEN_2D
- `indx` is a 1D int array of size LEN_1D

## Requirements:
Please generate a complete Triton implementation that:
1. Includes a @triton.jit kernel function named `s3112_kernel`
2. Includes a Python wrapper function named `s3112_triton`
3. The wrapper should accept ONLY the PyTorch tensor arrays used in the computation
4. Uses appropriate block sizes and memory access patterns
5. Handles edge cases with masking
6. Is functionally equivalent to the C code (same computation, same results)

## CRITICAL: Function Signature Requirements
**DO NOT include** the `iterations` parameter or the outer `for (int nl = ...)` timing loop.

**REQUIRED function signature (use EXACTLY these parameter names):**
```python
def s3112_triton(a, b):
    ...  # Just the kernel computation, NO timing loop
```

IMPORTANT:
- Use EXACTLY the parameter names shown in the required function signature above
- Do NOT implement the outer timing loop
- If WAR dependencies are shown above, you MUST use the read-only copy pattern
- If parallelization analysis is shown above, you MUST follow the specified parallelization strategy

## CRITICAL: Triton Compilation Rules

**NEVER use `tl.arange()` inside a for loop:**
```python
# WRONG
for block_start in range(0, n, BLOCK_SIZE):
    offsets = block_start + tl.arange(0, BLOCK_SIZE)  # ERROR!

# CORRECT
offsets = tl.arange(0, BLOCK_SIZE)  # Define once at start
for block_start in range(0, n, BLOCK_SIZE):
    current_offsets = block_start + offsets
```

**NEVER use scalar indexing inside @triton.jit kernel:**
```python
# WRONG
for i in range(BLOCK_SIZE):
    val = tensor[i]

# CORRECT
mask = offsets < n_elements
vals = tl.load(ptr + offsets, mask=mask)
```

**NEVER use non-existent Triton functions:**
```python
# WRONG - tl.mul, tl.div, tl.add, tl.any, tl.cdiv don't exist
# CORRECT - use Python operators: a * b, a / b, a + b
# For cdiv, use triton.cdiv() in wrapper only
```

**NEVER use Python lists inside @triton.jit kernels**

**NEVER use break/continue inside @triton.jit kernels**

**Pass tensors directly to kernels, NOT data_ptr()**

**NEVER use chained comparisons (use separate comparisons with &)**

**NEVER load from bare pointer without offset vector**

Provide ONLY the Python code, no additional explanation.

This is attempt 3 of 10. Please provide a corrected implementation.
Provide ONLY the Python code, no additional explanation.

================================================================================
RESPONSE:
================================================================================
import torch
import triton
import triton.language as tl

@triton.jit
def s3112_kernel(a_ptr, b_ptr, n_elements, BLOCK_SIZE: tl.constexpr):
    # Get program ID
    pid = tl.program_id(axis=0)
    
    # Only use the first program to do all work sequentially
    if pid != 0:
        return
    
    # Initialize running sum as scalar
    running_sum = 0.0
    
    # Process elements sequentially
    for i in range(n_elements):
        # Load single element
        val = tl.load(a_ptr + i)
        running_sum = running_sum + val
        # Store running sum
        tl.store(b_ptr + i, running_sum)

def s3112_triton(a, b):
    n_elements = a.shape[0]
    BLOCK_SIZE = 256
    
    # Launch single thread since this is inherently serial
    grid = (1,)
    
    s3112_kernel[grid](
        a, b, n_elements,
        BLOCK_SIZE=BLOCK_SIZE
    )
    
    # Return the final sum (last element of b)
    return b[-1].item()