
## PREVIOUS ATTEMPT FAILED - NON-NUMERICAL ERROR

Your last attempt failed with a compilation or runtime error:

**Error type**: compilation
**Error message**:
```
thon3.12/site-packages/triton/language/semantic.py", line 969, in _load_legacy
    raise ValueError(f"Unsupported ptr type {ptr.type.__repr__()} in `tl.load`")
ValueError: Unsupported ptr type triton.language.int32 in `tl.load`

The above exception was the direct cause of the following exception:

Traceback (most recent call last):
  File "/home/qinxiao/workspace/triton_performance_analysis/llm_tritonization_benchmark/my_triton_implementations/s317/test_s317_correctness.py", line 59, in test_correctness
    triton_result = s317_triton(*tr_args)
                    ^^^^^^^^^^^^^^^^^^^^^
  File "/home/qinxiao/workspace/triton_performance_analysis/llm_tritonization_benchmark/test16/llm_triton/s317/attempt1.py", line 21, in s317_triton
    s317_kernel[grid]()
  File "/home/qinxiao/anaconda3/lib/python3.12/site-packages/triton/runtime/jit.py", line 345, in <lambda>
    return lambda *args, **kwargs: self.run(grid=grid, warmup=False, *args, **kwargs)
                                   ^^^^^^^^^^^^^^^^^^^^^^^^^^^^^^^^^^^^^^^^^^^^^^^^^^
  File "/home/qinxiao/anaconda3/lib/python3.12/site-packages/triton/runtime/jit.py", line 662, in run
    kernel = self.compile(
             ^^^^^^^^^^^^^
  File "/home/qinxiao/anaconda3/lib/python3.12/site-packages/triton/compiler/compiler.py", line 276, in compile
    module = src.make_ir(options, codegen_fns, context)
             ^^^^^^^^^^^^^^^^^^^^^^^^^^^^^^^^^^^^^^^^^^
  File "/home/qinxiao/anaconda3/lib/python3.12/site-packages/triton/compiler/compiler.py", line 113, in make_ir
    return ast_to_ttir(self.fn, self, context=context, options=options, codegen_fns=codegen_fns)
           ^^^^^^^^^^^^^^^^^^^^^^^^^^^^^^^^^^^^^^^^^^^^^^^^^^^^^^^^^^^^^^^^^^^^^^^^^^^^^^^^^^^^^
triton.compiler.errors.CompilationError: at 7:17:
def s317_kernel():
    q = 1.0
    for i in range(16000):  # LEN_1D/2 where LEN_1D is typically 32000
        q *= 0.99

    # Store result to global memory
    result_ptr = tl.load(tl.program_id(0))
                 ^

```

Please fix the error. Make sure to:
- Follow all Triton compilation rules
- Use correct Triton API functions
- Avoid Python constructs not supported in Triton kernels

## LAST ATTEMPT (DO NOT REPEAT THE SAME MISTAKES):
```python
import torch
import triton
import triton.language as tl

@triton.jit
def s317_kernel():
    q = 1.0
    for i in range(16000):  # LEN_1D/2 where LEN_1D is typically 32000
        q *= 0.99
    
    # Store result to global memory
    result_ptr = tl.load(tl.program_id(0))
    tl.store(result_ptr, q)

def s317_triton():
    # Create a tensor to store the result
    result = torch.zeros(1, dtype=torch.float32, device='cuda')
    
    # Launch kernel with single thread since this is a scalar reduction
    grid = (1,)
    s317_kernel[grid]()
    
    return result.item()
```



## ORIGINAL TASK:
I have an original TSVC (Test Suite for Vectorizing Compilers) C function that I want to implement in Triton for GPU acceleration.

## Original TSVC C Code:
```c

real_t s317(struct args_t * func_args)
{

//    reductions
//    product reductio vectorize with
//    1. scalar expansion of factor, and product reduction
//    2. closed form solution: q = factor**n

    initialise_arrays(__func__);
    gettimeofday(&func_args->t1, NULL);

    real_t q;
    for (int nl = 0; nl < 5*iterations; nl++) {
        q = (real_t)1.;
        for (int i = 0; i < LEN_1D/2; i++) {
            q *= (real_t).99;
        }
        dummy(a, b, c, d, e, aa, bb, cc, q);
    }

    gettimeofday(&func_args->t2, NULL);
    return q;
}
```

## Kernel Loop to Implement:
```c
// Local variables:
    real_t q;

// Kernel loop:
        q = (real_t)1.;
        for (int i = 0; i < LEN_1D/2; i++) {
            q *= (real_t).99;
        }
```


## Array Information:
- Arrays `a`, `b`, `c`, `d`, `e` are 1D float arrays of size LEN_1D (typically 32000)
- Arrays `aa`, `bb`, `cc`, `tt` are 2D float arrays of size LEN_2D x LEN_2D (typically 256x256)
- `flat_2d_array` is a 1D float array of size LEN_2D*LEN_2D
- `indx` is a 1D int array of size LEN_1D

## Requirements:
Please generate a complete Triton implementation that:
1. Includes a @triton.jit kernel function named `s317_kernel`
2. Includes a Python wrapper function named `s317_triton`
3. The wrapper should accept ONLY the PyTorch tensor arrays used in the computation
4. Uses appropriate block sizes and memory access patterns
5. Handles edge cases with masking
6. Is functionally equivalent to the C code (same computation, same results)
7. **CRITICAL: DO NOT hardcode array lengths like LEN_1D or LEN_2D.** Instead, derive dimensions from input tensor shapes using `.shape[0]`, `.shape[1]`, etc. For example:
   - Use `N = a.shape[0]` instead of `LEN_1D = 32000`
   - Use `N = aa.shape[0]` instead of `LEN_2D = 256`

## CRITICAL: Function Signature Requirements
**DO NOT include** the `iterations` parameter or the outer `for (int nl = ...)` timing loop.

**REQUIRED function signature (use EXACTLY these parameter names):**
```python
def s317_triton():
    ...  # Just the kernel computation, NO timing loop
```

IMPORTANT:
- Use EXACTLY the parameter names shown in the required function signature above
- Do NOT implement the outer timing loop
- If WAR dependencies are shown above, you MUST use the read-only copy pattern
- If parallelization analysis is shown above, you MUST follow the specified parallelization strategy

## CRITICAL: Triton Compilation Rules

**NEVER use `tl.arange()` inside a for loop:**
```python
# WRONG
for block_start in range(0, n, BLOCK_SIZE):
    offsets = block_start + tl.arange(0, BLOCK_SIZE)  # ERROR!

# CORRECT
offsets = tl.arange(0, BLOCK_SIZE)  # Define once at start
for block_start in range(0, n, BLOCK_SIZE):
    current_offsets = block_start + offsets
```

**NEVER use scalar indexing inside @triton.jit kernel:**
```python
# WRONG
for i in range(BLOCK_SIZE):
    val = tensor[i]

# CORRECT
mask = offsets < n_elements
vals = tl.load(ptr + offsets, mask=mask)
```

**NEVER use non-existent Triton functions:**
```python
# WRONG - tl.mul, tl.div, tl.add, tl.any, tl.cdiv don't exist
# CORRECT - use Python operators: a * b, a / b, a + b
# For cdiv, use triton.cdiv() in wrapper only
```

**NEVER use Python lists inside @triton.jit kernels**

**NEVER use break/continue inside @triton.jit kernels**

**Pass tensors directly to kernels, NOT data_ptr()**

**NEVER use chained comparisons (use separate comparisons with &)**

**NEVER load from bare pointer without offset vector**

Provide ONLY the Python code, no additional explanation.

This is attempt 2 of 10. Please provide a corrected implementation.
Provide ONLY the Python code, no additional explanation.

================================================================================
RESPONSE:
================================================================================
import torch
import triton
import triton.language as tl

@triton.jit
def s317_kernel(result_ptr):
    q = 1.0
    for i in range(16000):  # LEN_1D/2 where LEN_1D is typically 32000
        q *= 0.99
    
    # Store result to global memory
    tl.store(result_ptr, q)

def s317_triton():
    # Create a tensor to store the result
    result = torch.zeros(1, dtype=torch.float32, device='cuda')
    
    # Launch kernel with single thread since this is a scalar reduction
    grid = (1,)
    s317_kernel[grid](result)
    
    return result.item()