
## PREVIOUS ATTEMPT FAILED - NON-NUMERICAL ERROR

Your last attempt failed with a compilation or runtime error:

**Error type**: compilation
**Error message**:
```
ntic.arange(start, end, _builder)
           ^^^^^^^^^^^^^^^^^^^^^^^^^^^^^^^^^^^^^
  File "/home/qinxiao/anaconda3/lib/python3.12/site-packages/triton/language/semantic.py", line 512, in arange
    raise ValueError("arange's range must be a power of 2")
ValueError: arange's range must be a power of 2

The above exception was the direct cause of the following exception:

Traceback (most recent call last):
  File "/home/qinxiao/workspace/triton_performance_analysis/llm_tritonization_benchmark/my_triton_implementations/s252/test_s252_correctness.py", line 66, in test_correctness
    s252_triton(*tr_args)
  File "/home/qinxiao/workspace/triton_performance_analysis/llm_tritonization_benchmark/test11/llm_triton/s252/attempt2.py", line 57, in s252_triton
    s252_kernel[grid](
  File "/home/qinxiao/anaconda3/lib/python3.12/site-packages/triton/runtime/jit.py", line 345, in <lambda>
    return lambda *args, **kwargs: self.run(grid=grid, warmup=False, *args, **kwargs)
                                   ^^^^^^^^^^^^^^^^^^^^^^^^^^^^^^^^^^^^^^^^^^^^^^^^^^
  File "/home/qinxiao/anaconda3/lib/python3.12/site-packages/triton/runtime/jit.py", line 662, in run
    kernel = self.compile(
             ^^^^^^^^^^^^^
  File "/home/qinxiao/anaconda3/lib/python3.12/site-packages/triton/compiler/compiler.py", line 276, in compile
    module = src.make_ir(options, codegen_fns, context)
             ^^^^^^^^^^^^^^^^^^^^^^^^^^^^^^^^^^^^^^^^^^
  File "/home/qinxiao/anaconda3/lib/python3.12/site-packages/triton/compiler/compiler.py", line 113, in make_ir
    return ast_to_ttir(self.fn, self, context=context, options=options, codegen_fns=codegen_fns)
           ^^^^^^^^^^^^^^^^^^^^^^^^^^^^^^^^^^^^^^^^^^^^^^^^^^^^^^^^^^^^^^^^^^^^^^^^^^^^^^^^^^^^^
triton.compiler.errors.CompilationError: at 5:14:
def s252_kernel(a_ptr, b_ptr, c_ptr, n_elements, BLOCK_SIZE: tl.constexpr):
    block_id = tl.program_id(0)
    block_start = block_id * BLOCK_SIZE

    offsets = tl.arange(0, BLOCK_SIZE)
              ^

```

Please fix the error. Make sure to:
- Follow all Triton compilation rules
- Use correct Triton API functions
- Avoid Python constructs not supported in Triton kernels

## LAST ATTEMPT (DO NOT REPEAT THE SAME MISTAKES):
```python
import torch
import triton
import triton.language as tl

@triton.jit
def s252_kernel(a_ptr, b_ptr, c_ptr, n_elements, BLOCK_SIZE: tl.constexpr):
    block_id = tl.program_id(0)
    block_start = block_id * BLOCK_SIZE
    
    offsets = tl.arange(0, BLOCK_SIZE)
    
    # Initialize accumulator for this block
    t = 0.0
    
    # Load previous block's final t value if this isn't the first block
    if block_id > 0:
        # Load the last s value from previous block
        prev_block_end = block_start - 1
        if prev_block_end >= 0:
            # We need to recompute t by processing all previous elements
            # This is inherently sequential, so we process element by element
            pass
    
    # Process elements sequentially within this block
    for i in range(BLOCK_SIZE):
        current_idx = block_start + i
        
        if current_idx < n_elements:
            # For sequential dependency, we need to process from the beginning
            # Reset t and recompute from start for correctness
            if current_idx == 0:
                t = 0.0
            
            # Load current elements
            b_val = tl.load(b_ptr + current_idx)
            c_val = tl.load(c_ptr + current_idx)
            
            # Compute s = b[i] * c[i]
            s = b_val * c_val
            
            # Compute a[i] = s + t
            a_val = s + t
            
            # Store result
            tl.store(a_ptr + current_idx, a_val)
            
            # Update t = s for next iteration
            t = s

def s252_triton(a, b, c):
    n_elements = a.shape[0]
    
    # Due to sequential dependency, use single thread block
    BLOCK_SIZE = n_elements
    grid = (1,)
    
    s252_kernel[grid](
        a, b, c,
        n_elements,
        BLOCK_SIZE=BLOCK_SIZE
    )
```



## ORIGINAL TASK:
I have an original TSVC (Test Suite for Vectorizing Compilers) C function that I want to implement in Triton for GPU acceleration.

## Original TSVC C Code:
```c

real_t s252(struct args_t * func_args)
{

//    scalar and array expansion
//    loop with ambiguous scalar temporary

    initialise_arrays(__func__);
    gettimeofday(&func_args->t1, NULL);

    real_t t, s;
    for (int nl = 0; nl < iterations; nl++) {
        t = (real_t) 0.;
        for (int i = 0; i < LEN_1D; i++) {
            s = b[i] * c[i];
            a[i] = s + t;
            t = s;
        }
        dummy(a, b, c, d, e, aa, bb, cc, 0.);
    }

    gettimeofday(&func_args->t2, NULL);
    return calc_checksum(__func__);
}
```

## Kernel Loop to Implement:
```c
// Local variables:
    real_t t, s;

// Kernel loop:
        t = (real_t) 0.;
        for (int i = 0; i < LEN_1D; i++) {
            s = b[i] * c[i];
            a[i] = s + t;
            t = s;
        }
```


## Array Information:
- Arrays `a`, `b`, `c`, `d`, `e` are 1D float arrays of size LEN_1D (typically 32000)
- Arrays `aa`, `bb`, `cc`, `tt` are 2D float arrays of size LEN_2D x LEN_2D (typically 256x256)
- `flat_2d_array` is a 1D float array of size LEN_2D*LEN_2D
- `indx` is a 1D int array of size LEN_1D

## Requirements:
Please generate a complete Triton implementation that:
1. Includes a @triton.jit kernel function named `s252_kernel`
2. Includes a Python wrapper function named `s252_triton`
3. The wrapper should accept ONLY the PyTorch tensor arrays used in the computation
4. Uses appropriate block sizes and memory access patterns
5. Handles edge cases with masking
6. Is functionally equivalent to the C code (same computation, same results)

## CRITICAL: Function Signature Requirements
**DO NOT include** the `iterations` parameter or the outer `for (int nl = ...)` timing loop.

**REQUIRED function signature (use EXACTLY these parameter names):**
```python
def s252_triton(a, b, c):
    ...  # Just the kernel computation, NO timing loop
```

IMPORTANT:
- Use EXACTLY the parameter names shown in the required function signature above
- Do NOT implement the outer timing loop
- If WAR dependencies are shown above, you MUST use the read-only copy pattern
- If parallelization analysis is shown above, you MUST follow the specified parallelization strategy

## CRITICAL: Triton Compilation Rules

**NEVER use `tl.arange()` inside a for loop:**
```python
# WRONG
for block_start in range(0, n, BLOCK_SIZE):
    offsets = block_start + tl.arange(0, BLOCK_SIZE)  # ERROR!

# CORRECT
offsets = tl.arange(0, BLOCK_SIZE)  # Define once at start
for block_start in range(0, n, BLOCK_SIZE):
    current_offsets = block_start + offsets
```

**NEVER use scalar indexing inside @triton.jit kernel:**
```python
# WRONG
for i in range(BLOCK_SIZE):
    val = tensor[i]

# CORRECT
mask = offsets < n_elements
vals = tl.load(ptr + offsets, mask=mask)
```

**NEVER use non-existent Triton functions:**
```python
# WRONG - tl.mul, tl.div, tl.add, tl.any, tl.cdiv don't exist
# CORRECT - use Python operators: a * b, a / b, a + b
# For cdiv, use triton.cdiv() in wrapper only
```

**NEVER use Python lists inside @triton.jit kernels**

**NEVER use break/continue inside @triton.jit kernels**

**Pass tensors directly to kernels, NOT data_ptr()**

**NEVER use chained comparisons (use separate comparisons with &)**

**NEVER load from bare pointer without offset vector**

Provide ONLY the Python code, no additional explanation.

This is attempt 3 of 3. Please provide a corrected implementation.
Provide ONLY the Python code, no additional explanation.

================================================================================
RESPONSE:
================================================================================
import torch
import triton
import triton.language as tl

@triton.jit
def s252_kernel(a_ptr, b_ptr, c_ptr, n_elements):
    # This computation is inherently sequential due to t = s dependency
    # Process one element at a time
    idx = tl.program_id(0)
    
    if idx < n_elements:
        # Load current elements
        b_val = tl.load(b_ptr + idx)
        c_val = tl.load(c_ptr + idx)
        
        # Compute s = b[i] * c[i]
        s = b_val * c_val
        
        # For first element, t = 0, otherwise load previous s
        if idx == 0:
            t = 0.0
        else:
            # Load previous b and c to compute previous s
            prev_b = tl.load(b_ptr + idx - 1)
            prev_c = tl.load(c_ptr + idx - 1)
            t = prev_b * prev_c
        
        # Compute a[i] = s + t
        a_val = s + t
        
        # Store result
        tl.store(a_ptr + idx, a_val)

def s252_triton(a, b, c):
    n_elements = a.shape[0]
    
    # Launch one thread per element due to sequential dependency
    grid = (n_elements,)
    
    s252_kernel[grid](
        a, b, c,
        n_elements
    )