
## PREVIOUS ATTEMPT FAILED - NON-NUMERICAL ERROR

Your last attempt failed with a compilation or runtime error:

**Error type**: compilation
**Error message**:
```
^^^^^^^
  File "/home/qinxiao/anaconda3/lib/python3.12/site-packages/triton/language/semantic.py", line 512, in arange
    raise ValueError("arange's range must be a power of 2")
ValueError: arange's range must be a power of 2

The above exception was the direct cause of the following exception:

Traceback (most recent call last):
  File "/home/qinxiao/workspace/triton_performance_analysis/llm_tritonization_benchmark/my_triton_implementations/s353/test_s353_correctness.py", line 69, in test_correctness
    s353_triton(*tr_args)
  File "/home/qinxiao/workspace/triton_performance_analysis/llm_tritonization_benchmark/test10/llm_triton/s353/attempt1.py", line 57, in s353_triton
    s353_kernel[grid](
  File "/home/qinxiao/anaconda3/lib/python3.12/site-packages/triton/runtime/jit.py", line 345, in <lambda>
    return lambda *args, **kwargs: self.run(grid=grid, warmup=False, *args, **kwargs)
                                   ^^^^^^^^^^^^^^^^^^^^^^^^^^^^^^^^^^^^^^^^^^^^^^^^^^
  File "/home/qinxiao/anaconda3/lib/python3.12/site-packages/triton/runtime/jit.py", line 662, in run
    kernel = self.compile(
             ^^^^^^^^^^^^^
  File "/home/qinxiao/anaconda3/lib/python3.12/site-packages/triton/compiler/compiler.py", line 276, in compile
    module = src.make_ir(options, codegen_fns, context)
             ^^^^^^^^^^^^^^^^^^^^^^^^^^^^^^^^^^^^^^^^^^
  File "/home/qinxiao/anaconda3/lib/python3.12/site-packages/triton/compiler/compiler.py", line 113, in make_ir
    return ast_to_ttir(self.fn, self, context=context, options=options, codegen_fns=codegen_fns)
           ^^^^^^^^^^^^^^^^^^^^^^^^^^^^^^^^^^^^^^^^^^^^^^^^^^^^^^^^^^^^^^^^^^^^^^^^^^^^^^^^^^^^^
triton.compiler.errors.CompilationError: at 7:14:
def s353_kernel(a_ptr, b_ptr, ip_ptr, alpha, n_elements, BLOCK_SIZE: tl.constexpr):
    # Get program ID and compute base offset
    pid = tl.program_id(0)
    block_start = pid * BLOCK_SIZE

    # Create offset vector once
    offsets = tl.arange(0, BLOCK_SIZE)
              ^

```

Please fix the error. Make sure to:
- Follow all Triton compilation rules
- Use correct Triton API functions
- Avoid Python constructs not supported in Triton kernels

## LAST ATTEMPT (DO NOT REPEAT THE SAME MISTAKES):
```python
import triton
import triton.language as tl
import torch

@triton.jit
def s353_kernel(a_ptr, b_ptr, ip_ptr, alpha, n_elements, BLOCK_SIZE: tl.constexpr):
    # Get program ID and compute base offset
    pid = tl.program_id(0)
    block_start = pid * BLOCK_SIZE
    
    # Create offset vector once
    offsets = tl.arange(0, BLOCK_SIZE)
    
    # Process 5 elements at a time within each block
    for local_start in range(0, BLOCK_SIZE, 5):
        # Calculate global indices for this group of 5
        base_idx = block_start + local_start
        
        # Check if we have at least one valid element
        if base_idx >= n_elements:
            break
            
        # Create indices for the 5 elements
        idx_offsets = offsets[local_start:local_start+5] if local_start + 5 <= BLOCK_SIZE else offsets[local_start:]
        current_indices = base_idx + tl.arange(0, 5) if local_start + 5 <= BLOCK_SIZE else base_idx + tl.arange(0, min(5, BLOCK_SIZE - local_start))
        
        # Mask for valid elements
        mask = current_indices < n_elements
        
        # Load indirect indices
        ip_vals = tl.load(ip_ptr + current_indices, mask=mask)
        
        # Load values from b using indirect addressing
        b_vals = tl.load(b_ptr + ip_vals, mask=mask)
        
        # Load current values from a
        a_vals = tl.load(a_ptr + current_indices, mask=mask)
        
        # Perform saxpy operation: a[i] += alpha * b[ip[i]]
        result = a_vals + alpha * b_vals
        
        # Store back to a
        tl.store(a_ptr + current_indices, result, mask=mask)

def s353_triton(a, b, c, ip):
    n_elements = a.shape[0]
    alpha = c[0].item()
    
    # Use block size that's divisible by 5 for efficiency
    BLOCK_SIZE = 320  # 64 * 5, good for unrolling by 5
    
    # Calculate grid size
    grid_size = triton.cdiv(n_elements, BLOCK_SIZE)
    grid = (grid_size,)
    
    # Launch kernel
    s353_kernel[grid](
        a, b, ip, alpha, n_elements,
        BLOCK_SIZE=BLOCK_SIZE
    )
```



## ORIGINAL TASK:
I have an original TSVC (Test Suite for Vectorizing Compilers) C function that I want to implement in Triton for GPU acceleration.

## Original TSVC C Code:
```c

real_t s353(struct args_t * func_args)
{

//    loop rerolling
//    unrolled sparse saxpy
//    gather is required

    int * __restrict__ ip = func_args->arg_info;

    initialise_arrays(__func__);
    gettimeofday(&func_args->t1, NULL);

    real_t alpha = c[0];
    for (int nl = 0; nl < iterations; nl++) {
        for (int i = 0; i < LEN_1D; i += 5) {
            a[i] += alpha * b[ip[i]];
            a[i + 1] += alpha * b[ip[i + 1]];
            a[i + 2] += alpha * b[ip[i + 2]];
            a[i + 3] += alpha * b[ip[i + 3]];
            a[i + 4] += alpha * b[ip[i + 4]];
        }
        dummy(a, b, c, d, e, aa, bb, cc, 0.);
    }

    gettimeofday(&func_args->t2, NULL);
    return calc_checksum(__func__);
}
```

## Kernel Loop to Implement:
```c
// Local variables:
    real_t alpha = c[0];

// Kernel loop:
        for (int i = 0; i < LEN_1D; i += 5) {
            a[i] += alpha * b[ip[i]];
            a[i + 1] += alpha * b[ip[i + 1]];
            a[i + 2] += alpha * b[ip[i + 2]];
            a[i + 3] += alpha * b[ip[i + 3]];
            a[i + 4] += alpha * b[ip[i + 4]];
        }
```


## Array Information:
- Arrays `a`, `b`, `c`, `d`, `e` are 1D float arrays of size LEN_1D (typically 32000)
- Arrays `aa`, `bb`, `cc`, `tt` are 2D float arrays of size LEN_2D x LEN_2D (typically 256x256)
- `flat_2d_array` is a 1D float array of size LEN_2D*LEN_2D
- `indx` is a 1D int array of size LEN_1D

## Requirements:
Please generate a complete Triton implementation that:
1. Includes a @triton.jit kernel function named `s353_kernel`
2. Includes a Python wrapper function named `s353_triton`
3. The wrapper should accept ONLY the PyTorch tensor arrays used in the computation
4. Uses appropriate block sizes and memory access patterns
5. Handles edge cases with masking
6. Is functionally equivalent to the C code (same computation, same results)

## CRITICAL: Function Signature Requirements
**DO NOT include** the `iterations` parameter or the outer `for (int nl = ...)` timing loop.

**REQUIRED function signature (use EXACTLY these parameter names):**
```python
def s353_triton(a, b, c, ip):
    ...  # Just the kernel computation, NO timing loop
```

IMPORTANT:
- Use EXACTLY the parameter names shown in the required function signature above
- Do NOT implement the outer timing loop
- If WAR dependencies are shown above, you MUST use the read-only copy pattern
- If parallelization analysis is shown above, you MUST follow the specified parallelization strategy

## CRITICAL: Triton Compilation Rules

**NEVER use `tl.arange()` inside a for loop:**
```python
# WRONG
for block_start in range(0, n, BLOCK_SIZE):
    offsets = block_start + tl.arange(0, BLOCK_SIZE)  # ERROR!

# CORRECT
offsets = tl.arange(0, BLOCK_SIZE)  # Define once at start
for block_start in range(0, n, BLOCK_SIZE):
    current_offsets = block_start + offsets
```

**NEVER use scalar indexing inside @triton.jit kernel:**
```python
# WRONG
for i in range(BLOCK_SIZE):
    val = tensor[i]

# CORRECT
mask = offsets < n_elements
vals = tl.load(ptr + offsets, mask=mask)
```

**NEVER use non-existent Triton functions:**
```python
# WRONG - tl.mul, tl.div, tl.add, tl.any, tl.cdiv don't exist
# CORRECT - use Python operators: a * b, a / b, a + b
# For cdiv, use triton.cdiv() in wrapper only
```

**NEVER use Python lists inside @triton.jit kernels**

**NEVER use break/continue inside @triton.jit kernels**

**Pass tensors directly to kernels, NOT data_ptr()**

**NEVER use chained comparisons (use separate comparisons with &)**

**NEVER load from bare pointer without offset vector**

Provide ONLY the Python code, no additional explanation.

This is attempt 2 of 3. Please provide a corrected implementation.
Provide ONLY the Python code, no additional explanation.

================================================================================
RESPONSE:
================================================================================
import triton
import triton.language as tl
import torch

@triton.jit
def s353_kernel(a_ptr, b_ptr, ip_ptr, alpha, n_elements, BLOCK_SIZE: tl.constexpr):
    # Get program ID and compute base offset
    pid = tl.program_id(0)
    block_start = pid * BLOCK_SIZE
    
    # Create offset vector once - must be power of 2
    offsets = tl.arange(0, BLOCK_SIZE)
    
    # Calculate actual indices for this block
    indices = block_start + offsets
    
    # Mask for valid elements
    mask = indices < n_elements
    
    # Load indirect indices
    ip_vals = tl.load(ip_ptr + indices, mask=mask, other=0)
    
    # Create mask for valid ip indices (assuming they're within bounds)
    ip_mask = mask
    
    # Load values from b using indirect addressing
    b_vals = tl.load(b_ptr + ip_vals, mask=ip_mask, other=0.0)
    
    # Load current values from a
    a_vals = tl.load(a_ptr + indices, mask=mask, other=0.0)
    
    # Perform saxpy operation: a[i] += alpha * b[ip[i]]
    result = a_vals + alpha * b_vals
    
    # Store back to a
    tl.store(a_ptr + indices, result, mask=mask)

def s353_triton(a, b, c, ip):
    n_elements = a.shape[0]
    alpha = c[0].item()
    
    # Use power of 2 block size
    BLOCK_SIZE = 256
    
    # Calculate grid size
    grid_size = triton.cdiv(n_elements, BLOCK_SIZE)
    grid = (grid_size,)
    
    # Launch kernel
    s353_kernel[grid](
        a, b, ip, alpha, n_elements,
        BLOCK_SIZE=BLOCK_SIZE
    )