
## PREVIOUS ATTEMPT FAILED - NON-NUMERICAL ERROR

Your last attempt failed with a compilation or runtime error:

**Error type**: compilation
**Error message**:
```
type <[1], fp32> in `tl.store`

The above exception was the direct cause of the following exception:

Traceback (most recent call last):
  File "/home/qinxiao/workspace/triton_performance_analysis/llm_tritonization_benchmark/my_triton_implementations/s352/test_s352_correctness.py", line 63, in test_correctness
    triton_result = s352_triton(*tr_args)
                    ^^^^^^^^^^^^^^^^^^^^^
  File "/home/qinxiao/workspace/triton_performance_analysis/llm_tritonization_benchmark/test16/llm_triton/s352/attempt1.py", line 50, in s352_triton
    s352_kernel[(grid_size,)](
  File "/home/qinxiao/anaconda3/lib/python3.12/site-packages/triton/runtime/jit.py", line 345, in <lambda>
    return lambda *args, **kwargs: self.run(grid=grid, warmup=False, *args, **kwargs)
                                   ^^^^^^^^^^^^^^^^^^^^^^^^^^^^^^^^^^^^^^^^^^^^^^^^^^
  File "/home/qinxiao/anaconda3/lib/python3.12/site-packages/triton/runtime/jit.py", line 662, in run
    kernel = self.compile(
             ^^^^^^^^^^^^^
  File "/home/qinxiao/anaconda3/lib/python3.12/site-packages/triton/compiler/compiler.py", line 276, in compile
    module = src.make_ir(options, codegen_fns, context)
             ^^^^^^^^^^^^^^^^^^^^^^^^^^^^^^^^^^^^^^^^^^
  File "/home/qinxiao/anaconda3/lib/python3.12/site-packages/triton/compiler/compiler.py", line 113, in make_ir
    return ast_to_ttir(self.fn, self, context=context, options=options, codegen_fns=codegen_fns)
           ^^^^^^^^^^^^^^^^^^^^^^^^^^^^^^^^^^^^^^^^^^^^^^^^^^^^^^^^^^^^^^^^^^^^^^^^^^^^^^^^^^^^^
triton.compiler.errors.CompilationError: at 19:8:
    a_vals = tl.load(a_ptr + offsets, mask=mask)
    b_vals = tl.load(b_ptr + offsets, mask=mask)

    # Compute dot products
    products = a_vals * b_vals

    # Sum across the block (reduction)
    result = tl.sum(products)

    # Store result (only first thread in block stores)
    if pid * BLOCK_SIZE < n_elements:
        tl.store(tl.program_id(0) + tl.zeros((1,), dtype=tl.float32), result)
        ^

```

Please fix the error. Make sure to:
- Follow all Triton compilation rules
- Use correct Triton API functions
- Avoid Python constructs not supported in Triton kernels

## LAST ATTEMPT (DO NOT REPEAT THE SAME MISTAKES):
```python
import triton
import triton.language as tl
import torch

@triton.jit
def s352_kernel(a_ptr, b_ptr, n_elements, BLOCK_SIZE: tl.constexpr):
    # Get program ID and compute offsets
    pid = tl.program_id(0)
    offsets = pid * BLOCK_SIZE + tl.arange(0, BLOCK_SIZE)
    mask = offsets < n_elements
    
    # Load elements
    a_vals = tl.load(a_ptr + offsets, mask=mask)
    b_vals = tl.load(b_ptr + offsets, mask=mask)
    
    # Compute dot products
    products = a_vals * b_vals
    
    # Sum across the block (reduction)
    result = tl.sum(products)
    
    # Store result (only first thread in block stores)
    if pid * BLOCK_SIZE < n_elements:
        tl.store(tl.program_id(0) + tl.zeros((1,), dtype=tl.float32), result)

@triton.jit
def s352_reduction_kernel(partial_sums_ptr, n_partials, BLOCK_SIZE: tl.constexpr):
    # Simple reduction kernel to sum partial results
    offsets = tl.arange(0, BLOCK_SIZE)
    mask = offsets < n_partials
    
    vals = tl.load(partial_sums_ptr + offsets, mask=mask, other=0.0)
    result = tl.sum(vals)
    
    # Store final result at index 0
    if tl.program_id(0) == 0:
        tl.store(partial_sums_ptr, result)

def s352_triton(a, b):
    n_elements = a.shape[0]
    BLOCK_SIZE = 256
    
    # Calculate grid size
    grid_size = triton.cdiv(n_elements, BLOCK_SIZE)
    
    # Create tensor to store partial sums
    partial_sums = torch.zeros(grid_size, dtype=a.dtype, device=a.device)
    
    # Launch first kernel to compute partial dot products
    s352_kernel[(grid_size,)](
        a, b, n_elements, BLOCK_SIZE=BLOCK_SIZE
    )
    
    # If we have multiple blocks, we need to sum the partial results
    if grid_size > 1:
        # Launch reduction kernel
        s352_reduction_kernel[(1,)](
            partial_sums, grid_size, BLOCK_SIZE=min(grid_size, 256)
        )
    
    return partial_sums[0].item()
```



## ORIGINAL TASK:
I have an original TSVC (Test Suite for Vectorizing Compilers) C function that I want to implement in Triton for GPU acceleration.

## Original TSVC C Code:
```c

real_t s352(struct args_t * func_args)
{

//    loop rerolling
//    unrolled dot product

    initialise_arrays(__func__);
    gettimeofday(&func_args->t1, NULL);

    real_t dot;
    for (int nl = 0; nl < 8*iterations; nl++) {
        dot = (real_t)0.;
        for (int i = 0; i < LEN_1D; i += 5) {
            dot = dot + a[i] * b[i] + a[i + 1] * b[i + 1] + a[i + 2]
                * b[i + 2] + a[i + 3] * b[i + 3] + a[i + 4] * b[i + 4];
        }
        dummy(a, b, c, d, e, aa, bb, cc, dot);
    }

    gettimeofday(&func_args->t2, NULL);
    return dot;
}
```

## Kernel Loop to Implement:
```c
// Local variables:
    real_t dot;

// Kernel loop:
        dot = (real_t)0.;
        for (int i = 0; i < LEN_1D; i += 5) {
            dot = dot + a[i] * b[i] + a[i + 1] * b[i + 1] + a[i + 2]
                * b[i + 2] + a[i + 3] * b[i + 3] + a[i + 4] * b[i + 4];
        }
```

============================================================
LOOP UNROLLING PATTERN DETECTED
============================================================

MANUALLY UNROLLED LOOP DETECTED

This kernel has a manually unrolled loop with stride 5:
  - Loop variable: i
  - Stride: 5
  - Arrays with consecutive accesses: a, b

Original pattern:
  for (int i = 0; i < N; i += 5) {
      // 5 operations on i, i+1, ..., i+4
  }

CRITICAL: This is semantically equivalent to a simple per-element loop:
  for (int i = 0; i < N; i++) {
      // ONE operation on element i
  }

IMPLEMENTATION REQUIREMENTS:

1. DO NOT preserve the stride-5 structure in parallelization
2. Treat this as a simple per-element operation
3. Each thread should handle ONE element, not 5 elements
4. Standard vectorized Triton patterns apply

CORRECT parallelization:
```python
@triton.jit
def kernel(...):
    pid = tl.program_id(0)
    offsets = pid * BLOCK_SIZE + tl.arange(0, BLOCK_SIZE)
    mask = offsets < n_elements

    # Load, compute, store for EACH element independently
    vals = tl.load(ptr + offsets, mask=mask)
    # ... compute ...
    tl.store(ptr + offsets, result, mask=mask)
```

WRONG parallelization (causes duplicate processing at block boundaries):
```python
# DO NOT DO THIS:
for i in range(0, BLOCK_SIZE, 5):  # WRONG!
    # Process 5 elements per iteration
```

The unrolling in the original C code is a manual optimization for CPU.
For GPU/Triton, ignore the unrolling and parallelize per-element.

============================================================


## Array Information:
- Arrays `a`, `b`, `c`, `d`, `e` are 1D float arrays of size LEN_1D (typically 32000)
- Arrays `aa`, `bb`, `cc`, `tt` are 2D float arrays of size LEN_2D x LEN_2D (typically 256x256)
- `flat_2d_array` is a 1D float array of size LEN_2D*LEN_2D
- `indx` is a 1D int array of size LEN_1D

## Requirements:
Please generate a complete Triton implementation that:
1. Includes a @triton.jit kernel function named `s352_kernel`
2. Includes a Python wrapper function named `s352_triton`
3. The wrapper should accept ONLY the PyTorch tensor arrays used in the computation
4. Uses appropriate block sizes and memory access patterns
5. Handles edge cases with masking
6. Is functionally equivalent to the C code (same computation, same results)

## CRITICAL: Function Signature Requirements
**DO NOT include** the `iterations` parameter or the outer `for (int nl = ...)` timing loop.

**REQUIRED function signature (use EXACTLY these parameter names):**
```python
def s352_triton(a, b):
    ...  # Just the kernel computation, NO timing loop
```

IMPORTANT:
- Use EXACTLY the parameter names shown in the required function signature above
- Do NOT implement the outer timing loop
- If WAR dependencies are shown above, you MUST use the read-only copy pattern
- If parallelization analysis is shown above, you MUST follow the specified parallelization strategy

## CRITICAL: Triton Compilation Rules

**NEVER use `tl.arange()` inside a for loop:**
```python
# WRONG
for block_start in range(0, n, BLOCK_SIZE):
    offsets = block_start + tl.arange(0, BLOCK_SIZE)  # ERROR!

# CORRECT
offsets = tl.arange(0, BLOCK_SIZE)  # Define once at start
for block_start in range(0, n, BLOCK_SIZE):
    current_offsets = block_start + offsets
```

**NEVER use scalar indexing inside @triton.jit kernel:**
```python
# WRONG
for i in range(BLOCK_SIZE):
    val = tensor[i]

# CORRECT
mask = offsets < n_elements
vals = tl.load(ptr + offsets, mask=mask)
```

**NEVER use non-existent Triton functions:**
```python
# WRONG - tl.mul, tl.div, tl.add, tl.any, tl.cdiv don't exist
# CORRECT - use Python operators: a * b, a / b, a + b
# For cdiv, use triton.cdiv() in wrapper only
```

**NEVER use Python lists inside @triton.jit kernels**

**NEVER use break/continue inside @triton.jit kernels**

**Pass tensors directly to kernels, NOT data_ptr()**

**NEVER use chained comparisons (use separate comparisons with &)**

**NEVER load from bare pointer without offset vector**

Provide ONLY the Python code, no additional explanation.

This is attempt 2 of 10. Please provide a corrected implementation.
Provide ONLY the Python code, no additional explanation.

================================================================================
RESPONSE:
================================================================================
import triton
import triton.language as tl
import torch

@triton.jit
def s352_kernel(a_ptr, b_ptr, output_ptr, n_elements, BLOCK_SIZE: tl.constexpr):
    # Get program ID and compute offsets
    pid = tl.program_id(0)
    offsets = pid * BLOCK_SIZE + tl.arange(0, BLOCK_SIZE)
    mask = offsets < n_elements
    
    # Load elements
    a_vals = tl.load(a_ptr + offsets, mask=mask, other=0.0)
    b_vals = tl.load(b_ptr + offsets, mask=mask, other=0.0)
    
    # Compute element-wise products
    products = a_vals * b_vals
    
    # Sum across the block (reduction)
    result = tl.sum(products)
    
    # Store partial result
    tl.store(output_ptr + pid, result)

@triton.jit
def s352_reduction_kernel(partial_sums_ptr, output_ptr, n_partials, BLOCK_SIZE: tl.constexpr):
    # Simple reduction kernel to sum partial results
    offsets = tl.arange(0, BLOCK_SIZE)
    mask = offsets < n_partials
    
    vals = tl.load(partial_sums_ptr + offsets, mask=mask, other=0.0)
    result = tl.sum(vals)
    
    # Store final result
    tl.store(output_ptr, result)

def s352_triton(a, b):
    n_elements = a.shape[0]
    BLOCK_SIZE = 256
    
    # Calculate grid size
    grid_size = triton.cdiv(n_elements, BLOCK_SIZE)
    
    # Create tensor to store partial sums
    partial_sums = torch.zeros(grid_size, dtype=a.dtype, device=a.device)
    
    # Launch first kernel to compute partial dot products
    s352_kernel[(grid_size,)](
        a, b, partial_sums, n_elements, BLOCK_SIZE=BLOCK_SIZE
    )
    
    # If we have multiple blocks, we need to sum the partial results
    if grid_size > 1:
        # Create output tensor
        output = torch.zeros(1, dtype=a.dtype, device=a.device)
        # Launch reduction kernel
        s352_reduction_kernel[(1,)](
            partial_sums, output, grid_size, BLOCK_SIZE=min(grid_size, 256)
        )
        return output[0].item()
    else:
        return partial_sums[0].item()