
## PREVIOUS ATTEMPT FAILED - NON-NUMERICAL ERROR

Your last attempt failed with a compilation or runtime error:

**Error type**: compilation
**Error message**:
```
start, end, _builder)
           ^^^^^^^^^^^^^^^^^^^^^^^^^^^^^^^^^^^^^
  File "/home/qinxiao/anaconda3/lib/python3.12/site-packages/triton/language/semantic.py", line 503, in arange
    raise ValueError("arange's arguments must be of type tl.constexpr")
ValueError: arange's arguments must be of type tl.constexpr

The above exception was the direct cause of the following exception:

Traceback (most recent call last):
  File "/home/qinxiao/workspace/triton_performance_analysis/llm_tritonization_benchmark/my_triton_implementations/s115/test_s115_correctness.py", line 65, in test_correctness
    triton_result = s115_triton(**tr_kwargs)
                    ^^^^^^^^^^^^^^^^^^^^^^^^
  File "/home/qinxiao/workspace/triton_performance_analysis/llm_tritonization_benchmark/test26/llm_triton/s115/attempt1.py", line 40, in s115_triton
    s115_kernel[(num_blocks,)](
  File "/home/qinxiao/anaconda3/lib/python3.12/site-packages/triton/runtime/jit.py", line 345, in <lambda>
    return lambda *args, **kwargs: self.run(grid=grid, warmup=False, *args, **kwargs)
                                   ^^^^^^^^^^^^^^^^^^^^^^^^^^^^^^^^^^^^^^^^^^^^^^^^^^
  File "/home/qinxiao/anaconda3/lib/python3.12/site-packages/triton/runtime/jit.py", line 662, in run
    kernel = self.compile(
             ^^^^^^^^^^^^^
  File "/home/qinxiao/anaconda3/lib/python3.12/site-packages/triton/compiler/compiler.py", line 276, in compile
    module = src.make_ir(options, codegen_fns, context)
             ^^^^^^^^^^^^^^^^^^^^^^^^^^^^^^^^^^^^^^^^^^
  File "/home/qinxiao/anaconda3/lib/python3.12/site-packages/triton/compiler/compiler.py", line 113, in make_ir
    return ast_to_ttir(self.fn, self, context=context, options=options, codegen_fns=codegen_fns)
           ^^^^^^^^^^^^^^^^^^^^^^^^^^^^^^^^^^^^^^^^^^^^^^^^^^^^^^^^^^^^^^^^^^^^^^^^^^^^^^^^^^^^^
triton.compiler.errors.CompilationError: at 4:16:
def s115_kernel(a_ptr, aa_ptr, j, n):
    BLOCK_SIZE = 256

    i_offsets = tl.arange(0, BLOCK_SIZE)
                ^

```

Please fix the error. Make sure to:
- Follow all Triton compilation rules
- Use correct Triton API functions
- Avoid Python constructs not supported in Triton kernels

## LAST ATTEMPT (DO NOT REPEAT THE SAME MISTAKES):
```python
import triton
import triton.language as tl
import torch

@triton.jit
def s115_kernel(a_ptr, aa_ptr, j, n):
    BLOCK_SIZE = 256
    
    i_offsets = tl.arange(0, BLOCK_SIZE)
    i_indices = (j + 1) + i_offsets
    
    mask = i_indices < n
    
    # Load a[j]
    a_j = tl.load(a_ptr + j)
    
    # Load aa[j][i] values
    aa_offsets = j * n + i_indices
    aa_vals = tl.load(aa_ptr + aa_offsets, mask=mask)
    
    # Load a[i] values
    a_vals = tl.load(a_ptr + i_indices, mask=mask)
    
    # Compute a[i] -= aa[j][i] * a[j]
    result = a_vals - aa_vals * a_j
    
    # Store back to a[i]
    tl.store(a_ptr + i_indices, result, mask=mask)

def s115_triton(a, aa):
    n = aa.shape[0]
    
    for j in range(n):
        num_i = n - (j + 1)
        if num_i <= 0:
            continue
            
        num_blocks = triton.cdiv(num_i, 256)
        
        s115_kernel[(num_blocks,)](
            a, aa, j, n
        )
```



## ORIGINAL TASK:
I have an original TSVC (Test Suite for Vectorizing Compilers) C function that I want to implement in Triton for GPU acceleration.

## Original TSVC C Code:
```c

real_t s115(struct args_t * func_args)
{

//    linear dependence testing
//    triangular saxpy loop

    initialise_arrays(__func__);
    gettimeofday(&func_args->t1, NULL);

    for (int nl = 0; nl < 1000*(iterations/LEN_2D); nl++) {
        for (int j = 0; j < LEN_2D; j++) {
            for (int i = j+1; i < LEN_2D; i++) {
                a[i] -= aa[j][i] * a[j];
            }
        }
        dummy(a, b, c, d, e, aa, bb, cc, 0.);
    }

    gettimeofday(&func_args->t2, NULL);
    return calc_checksum(__func__);
}
```

## Kernel Loop to Implement:
```c
        for (int j = 0; j < LEN_2D; j++) {
            for (int i = j+1; i < LEN_2D; i++) {
                a[i] -= aa[j][i] * a[j];
            }
        }
```

## CRITICAL: Parallelization Strategy

**Loop structure**: `#define LEN_1D 32000
#define LEN_2D 256

typedef float real_t;

real_t a[LEN_1D], b[LEN_1D], c[LEN_1D], d[LEN_1D], e[LEN_1D];
real_t aa[LEN_2D][LEN_2D], bb[LEN_2D][LEN_2D], cc[LEN_2D][LEN_2D], tt[LEN_2D][LEN_2D];
real_t flat_2d_array[LEN_2D*LEN_2D];
int indx[LEN_1D];

void s115_kernel() {
#pragma scop
for (int j = 0; j < LEN_2D; j++) {
            for (int i = j+1; i < LEN_2D; i++) {
                a[i] -= aa[j][i] * a[j];
            }
        }
#pragma endscop
}`
**Dimensions**: ['j', 'i']
**Triangular bounds**: j < i

**Data dependencies detected**:
- Array `a`: write to `[(i)]`, read from `[(i)]`
- Array `a`: write to `[(i)]`, read from `[(j)]`

### Required Strategy: j-sequential, i-parallel

**Implementation Pattern (Sequential kernel launches):**
- Python wrapper: loop over `j` sequentially, launching kernel each iteration
- Triton kernel: parallelize ALL `i` values using VECTORIZED operations


## Array Information:
- Arrays `a`, `b`, `c`, `d`, `e` are 1D float arrays of size LEN_1D (typically 32000)
- Arrays `aa`, `bb`, `cc`, `tt` are 2D float arrays of size LEN_2D x LEN_2D (typically 256x256)
- `flat_2d_array` is a 1D float array of size LEN_2D*LEN_2D
- `indx` is a 1D int array of size LEN_1D

## Requirements:
Please generate a complete Triton implementation that:
1. Includes a @triton.jit kernel function named `s115_kernel`
2. Includes a Python wrapper function named `s115_triton`
3. The wrapper should accept ONLY the tensor arrays used in the computation
4. Uses appropriate block sizes and memory access patterns
5. Handles edge cases with masking
6. Is functionally equivalent to the C code (same computation, same results)
7. **CRITICAL: DO NOT hardcode array lengths like LEN_1D or LEN_2D.** Instead, derive dimensions from input tensor shapes using `.shape[0]`, `.shape[1]`, etc. For example:
   - Use `N = a.shape[0]` instead of `LEN_1D = 32000`
   - Use `N = aa.shape[0]` instead of `LEN_2D = 256`

## CRITICAL: Function Signature Requirements
**DO NOT include** the `iterations` parameter or the outer `for (int nl = ...)` timing loop.

**REQUIRED function signature (use EXACTLY these parameter names):**
```python
def s115_triton(a, aa):
    ...  # Just the kernel computation, NO timing loop
```

IMPORTANT:
- Use EXACTLY the parameter names shown in the required function signature above
- Do NOT implement the outer timing loop
- If WAR dependencies are shown above, you MUST use the read-only copy pattern
- If parallelization analysis is shown above, you MUST follow the specified parallelization strategy

## CRITICAL: Triton Compilation Rules

**NEVER use `tl.arange()` inside a for loop:**
```python
# WRONG
for block_start in range(0, n, BLOCK_SIZE):
    offsets = block_start + tl.arange(0, BLOCK_SIZE)  # ERROR!

# CORRECT
offsets = tl.arange(0, BLOCK_SIZE)  # Define once at start
for block_start in range(0, n, BLOCK_SIZE):
    current_offsets = block_start + offsets
```

**NEVER use scalar indexing inside @triton.jit kernel:**
```python
# WRONG
for i in range(BLOCK_SIZE):
    val = tensor[i]

# CORRECT
mask = offsets < n_elements
vals = tl.load(ptr + offsets, mask=mask)
```

**NEVER use non-existent Triton functions:**
```python
# WRONG - tl.mul, tl.div, tl.add, tl.any, tl.cdiv don't exist
# CORRECT - use Python operators: a * b, a / b, a + b
# For cdiv, use triton.cdiv() in wrapper only
```

**NEVER use Python lists inside @triton.jit kernels**

**NEVER use break/continue inside @triton.jit kernels**

**Pass tensors directly to kernels, NOT data_ptr()**

**NEVER use chained comparisons (use separate comparisons with &)**

**NEVER load from bare pointer without offset vector**

Provide ONLY the Python code, no additional explanation.

This is attempt 2 of 10. Please provide a corrected implementation.
Provide ONLY the Python code, no additional explanation.

================================================================================
RESPONSE:
================================================================================
import triton
import triton.language as tl
import torch

@triton.jit
def s115_kernel(a_ptr, aa_ptr, j, n, BLOCK_SIZE: tl.constexpr):
    i_offsets = tl.arange(0, BLOCK_SIZE)
    i_indices = (j + 1) + i_offsets
    
    mask = i_indices < n
    
    # Load a[j]
    a_j = tl.load(a_ptr + j)
    
    # Load aa[j][i] values
    aa_offsets = j * n + i_indices
    aa_vals = tl.load(aa_ptr + aa_offsets, mask=mask)
    
    # Load a[i] values
    a_vals = tl.load(a_ptr + i_indices, mask=mask)
    
    # Compute a[i] -= aa[j][i] * a[j]
    result = a_vals - aa_vals * a_j
    
    # Store back to a[i]
    tl.store(a_ptr + i_indices, result, mask=mask)

def s115_triton(a, aa):
    n = aa.shape[0]
    
    for j in range(n):
        num_i = n - (j + 1)
        if num_i <= 0:
            continue
            
        BLOCK_SIZE = 256
        num_blocks = triton.cdiv(num_i, BLOCK_SIZE)
        
        s115_kernel[(num_blocks,)](
            a, aa, j, n, BLOCK_SIZE
        )