
## PREVIOUS ATTEMPT FAILED - NON-NUMERICAL ERROR

Your last attempt failed with a compilation or runtime error:

**Error type**: compilation
**Error message**:
```
: Unsupported ptr type <[1], int32> in `tl.store`

The above exception was the direct cause of the following exception:

Traceback (most recent call last):
  File "/home/qinxiao/workspace/triton_performance_analysis/llm_tritonization_benchmark/my_triton_implementations/s3111/test_s3111_correctness.py", line 60, in test_correctness
    s3111_triton(*tr_args)
  File "/home/qinxiao/workspace/triton_performance_analysis/llm_tritonization_benchmark/test13/llm_triton/s3111/attempt1.py", line 31, in s3111_triton
    s3111_kernel[(num_blocks,)](
  File "/home/qinxiao/anaconda3/lib/python3.12/site-packages/triton/runtime/jit.py", line 345, in <lambda>
    return lambda *args, **kwargs: self.run(grid=grid, warmup=False, *args, **kwargs)
                                   ^^^^^^^^^^^^^^^^^^^^^^^^^^^^^^^^^^^^^^^^^^^^^^^^^^
  File "/home/qinxiao/anaconda3/lib/python3.12/site-packages/triton/runtime/jit.py", line 662, in run
    kernel = self.compile(
             ^^^^^^^^^^^^^
  File "/home/qinxiao/anaconda3/lib/python3.12/site-packages/triton/compiler/compiler.py", line 276, in compile
    module = src.make_ir(options, codegen_fns, context)
             ^^^^^^^^^^^^^^^^^^^^^^^^^^^^^^^^^^^^^^^^^^
  File "/home/qinxiao/anaconda3/lib/python3.12/site-packages/triton/compiler/compiler.py", line 113, in make_ir
    return ast_to_ttir(self.fn, self, context=context, options=options, codegen_fns=codegen_fns)
           ^^^^^^^^^^^^^^^^^^^^^^^^^^^^^^^^^^^^^^^^^^^^^^^^^^^^^^^^^^^^^^^^^^^^^^^^^^^^^^^^^^^^^
triton.compiler.errors.CompilationError: at 15:4:

    for block_start in range(0, n_elements, BLOCK_SIZE):
        current_offsets = block_start + offsets
        mask = current_offsets < n_elements

        a_vals = tl.load(a_ptr + current_offsets, mask=mask, other=0.0)
        condition_mask = a_vals > 0.0

        partial_sum += tl.where(condition_mask & mask, a_vals, 0.0)

    result = tl.sum(partial_sum)
    tl.store(tl.program_id(0) + tl.zeros([1], dtype=tl.int32), result)
    ^

```

Please fix the error. Make sure to:
- Follow all Triton compilation rules
- Use correct Triton API functions
- Avoid Python constructs not supported in Triton kernels

## LAST ATTEMPT (DO NOT REPEAT THE SAME MISTAKES):
```python
import torch
import triton
import triton.language as tl

@triton.jit
def s3111_kernel(a_ptr, n_elements, BLOCK_SIZE: tl.constexpr):
    offsets = tl.arange(0, BLOCK_SIZE)
    partial_sum = tl.zeros([BLOCK_SIZE], dtype=tl.float32)
    
    for block_start in range(0, n_elements, BLOCK_SIZE):
        current_offsets = block_start + offsets
        mask = current_offsets < n_elements
        
        a_vals = tl.load(a_ptr + current_offsets, mask=mask, other=0.0)
        condition_mask = a_vals > 0.0
        
        partial_sum += tl.where(condition_mask & mask, a_vals, 0.0)
    
    result = tl.sum(partial_sum)
    tl.store(tl.program_id(0) + tl.zeros([1], dtype=tl.int32), result)

def s3111_triton(a):
    n_elements = a.shape[0]
    BLOCK_SIZE = 256
    
    # Create output tensor for partial sums from each block
    num_blocks = triton.cdiv(n_elements, BLOCK_SIZE)
    partial_sums = torch.zeros(num_blocks, dtype=a.dtype, device=a.device)
    
    # Launch kernel
    s3111_kernel[(num_blocks,)](
        a,
        n_elements,
        BLOCK_SIZE=BLOCK_SIZE
    )
    
    # Sum partial results on CPU/GPU
    total_sum = torch.sum(partial_sums).item()
    return total_sum
```



## ORIGINAL TASK:
I have an original TSVC (Test Suite for Vectorizing Compilers) C function that I want to implement in Triton for GPU acceleration.

## Original TSVC C Code:
```c

real_t s3111(struct args_t * func_args)
{

//    reductions
//    conditional sum reduction

    initialise_arrays(__func__);
    gettimeofday(&func_args->t1, NULL);

    real_t sum;
    for (int nl = 0; nl < iterations/2; nl++) {
        sum = 0.;
        for (int i = 0; i < LEN_1D; i++) {
            if (a[i] > (real_t)0.) {
                sum += a[i];
            }
        }
        dummy(a, b, c, d, e, aa, bb, cc, sum);
    }

    gettimeofday(&func_args->t2, NULL);
    return sum;
}
```

## Kernel Loop to Implement:
```c
// Local variables:
    real_t sum;

// Kernel loop:
        sum = 0.;
        for (int i = 0; i < LEN_1D; i++) {
            if (a[i] > (real_t)0.) {
                sum += a[i];
            }
        }
```


## Array Information:
- Arrays `a`, `b`, `c`, `d`, `e` are 1D float arrays of size LEN_1D (typically 32000)
- Arrays `aa`, `bb`, `cc`, `tt` are 2D float arrays of size LEN_2D x LEN_2D (typically 256x256)
- `flat_2d_array` is a 1D float array of size LEN_2D*LEN_2D
- `indx` is a 1D int array of size LEN_1D

## Requirements:
Please generate a complete Triton implementation that:
1. Includes a @triton.jit kernel function named `s3111_kernel`
2. Includes a Python wrapper function named `s3111_triton`
3. The wrapper should accept ONLY the PyTorch tensor arrays used in the computation
4. Uses appropriate block sizes and memory access patterns
5. Handles edge cases with masking
6. Is functionally equivalent to the C code (same computation, same results)

## CRITICAL: Function Signature Requirements
**DO NOT include** the `iterations` parameter or the outer `for (int nl = ...)` timing loop.

**REQUIRED function signature (use EXACTLY these parameter names):**
```python
def s3111_triton(a):
    ...  # Just the kernel computation, NO timing loop
```

IMPORTANT:
- Use EXACTLY the parameter names shown in the required function signature above
- Do NOT implement the outer timing loop
- If WAR dependencies are shown above, you MUST use the read-only copy pattern
- If parallelization analysis is shown above, you MUST follow the specified parallelization strategy

## CRITICAL: Triton Compilation Rules

**NEVER use `tl.arange()` inside a for loop:**
```python
# WRONG
for block_start in range(0, n, BLOCK_SIZE):
    offsets = block_start + tl.arange(0, BLOCK_SIZE)  # ERROR!

# CORRECT
offsets = tl.arange(0, BLOCK_SIZE)  # Define once at start
for block_start in range(0, n, BLOCK_SIZE):
    current_offsets = block_start + offsets
```

**NEVER use scalar indexing inside @triton.jit kernel:**
```python
# WRONG
for i in range(BLOCK_SIZE):
    val = tensor[i]

# CORRECT
mask = offsets < n_elements
vals = tl.load(ptr + offsets, mask=mask)
```

**NEVER use non-existent Triton functions:**
```python
# WRONG - tl.mul, tl.div, tl.add, tl.any, tl.cdiv don't exist
# CORRECT - use Python operators: a * b, a / b, a + b
# For cdiv, use triton.cdiv() in wrapper only
```

**NEVER use Python lists inside @triton.jit kernels**

**NEVER use break/continue inside @triton.jit kernels**

**Pass tensors directly to kernels, NOT data_ptr()**

**NEVER use chained comparisons (use separate comparisons with &)**

**NEVER load from bare pointer without offset vector**

Provide ONLY the Python code, no additional explanation.

This is attempt 2 of 10. Please provide a corrected implementation.
Provide ONLY the Python code, no additional explanation.

================================================================================
RESPONSE:
================================================================================
import torch
import triton
import triton.language as tl

@triton.jit
def s3111_kernel(a_ptr, output_ptr, n_elements, BLOCK_SIZE: tl.constexpr):
    block_id = tl.program_id(0)
    offsets = tl.arange(0, BLOCK_SIZE)
    partial_sum = tl.zeros([BLOCK_SIZE], dtype=tl.float32)
    
    for block_start in range(0, n_elements, BLOCK_SIZE):
        current_offsets = block_start + offsets
        mask = current_offsets < n_elements
        
        a_vals = tl.load(a_ptr + current_offsets, mask=mask, other=0.0)
        condition_mask = a_vals > 0.0
        
        partial_sum += tl.where(condition_mask & mask, a_vals, 0.0)
    
    result = tl.sum(partial_sum)
    tl.store(output_ptr + block_id, result)

def s3111_triton(a):
    n_elements = a.shape[0]
    BLOCK_SIZE = 256
    
    # Create output tensor for partial sums from each block
    num_blocks = triton.cdiv(n_elements, BLOCK_SIZE)
    partial_sums = torch.zeros(num_blocks, dtype=a.dtype, device=a.device)
    
    # Launch kernel
    s3111_kernel[(num_blocks,)](
        a,
        partial_sums,
        n_elements,
        BLOCK_SIZE=BLOCK_SIZE
    )
    
    # Sum partial results
    total_sum = torch.sum(partial_sums).item()
    return total_sum